# JRE version: Java(TM) SE Runtime Environment (8.0_60-b27) (build 1.8.0_60-b27)
# Java VM: Java HotSpot(TM) 64-Bit Server VM (25.60-b23 mixed mode windows-amd64 compressed oops)
Heap:
 PSYoungGen      total 954880K, used 445701K [0x000000076ab00000, 0x00000007b6100000, 0x00000007c0000000)
  eden space 718848K, 34% used [0x000000076ab00000,0x0000000779d99480,0x0000000796900000)
  from space 236032K, 83% used [0x0000000796900000,0x00000007a29a8180,0x00000007a4f80000)
  to   space 207360K, 0% used [0x00000007a4f80000,0x00000007a4f80000,0x00000007b1a00000)
 ParOldGen       total 807424K, used 517345K [0x00000006c0000000, 0x00000006f1480000, 0x000000076ab00000)
  object space 807424K, 64% used [0x00000006c0000000,0x00000006df9386e0,0x00000006f1480000)
 Metaspace       used 7274K, capacity 7864K, committed 8192K, reserved 1056768K
  class space    used 656K, capacity 688K, committed 768K, reserved 1048576K
GC Heap History (10 events):
Event: 12.817 GC heap before
{Heap before GC invocations=15 (full 3):
 PSYoungGen      total 716288K, used 617348K [0x000000076ab00000, 0x00000007a6300000, 0x00000007c0000000)
  eden space 584704K, 100% used [0x000000076ab00000,0x000000078e600000,0x000000078e600000)
  from space 131584K, 24% used [0x000000078e600000,0x00000007905e10e8,0x0000000796680000)
  to   space 140288K, 0% used [0x000000079da00000,0x000000079da00000,0x00000007a6300000)
 ParOldGen       total 517632K, used 310593K [0x00000006c0000000, 0x00000006df980000, 0x000000076ab00000)
  object space 517632K, 60% used [0x00000006c0000000,0x00000006d2f50558,0x00000006df980000)
 Metaspace       used 6647K, capacity 7320K, committed 7680K, reserved 1056768K
  class space    used 625K, capacity 656K, committed 768K, reserved 1048576K
Event: 12.960 GC heap after
Heap after GC invocations=15 (full 3):
 PSYoungGen      total 788480K, used 117039K [0x000000076ab00000, 0x00000007a5c00000, 0x00000007c0000000)
  eden space 655360K, 0% used [0x000000076ab00000,0x000000076ab00000,0x0000000792b00000)
  from space 133120K, 87% used [0x000000079da00000,0x00000007a4c4be28,0x00000007a5c00000)
  to   space 156160K, 0% used [0x0000000792b00000,0x0000000792b00000,0x000000079c380000)
 ParOldGen       total 517632K, used 310601K [0x00000006c0000000, 0x00000006df980000, 0x000000076ab00000)
  object space 517632K, 60% used [0x00000006c0000000,0x00000006d2f52558,0x00000006df980000)
 Metaspace       used 6647K, capacity 7320K, committed 7680K, reserved 1056768K
  class space    used 625K, capacity 656K, committed 768K, reserved 1048576K
}
Event: 13.968 GC heap before
{Heap before GC invocations=16 (full 3):
 PSYoungGen      total 788480K, used 772399K [0x000000076ab00000, 0x00000007a5c00000, 0x00000007c0000000)
  eden space 655360K, 100% used [0x000000076ab00000,0x0000000792b00000,0x0000000792b00000)
  from space 133120K, 87% used [0x000000079da00000,0x00000007a4c4be28,0x00000007a5c00000)
  to   space 156160K, 0% used [0x0000000792b00000,0x0000000792b00000,0x000000079c380000)
 ParOldGen       total 517632K, used 310601K [0x00000006c0000000, 0x00000006df980000, 0x000000076ab00000)
  object space 517632K, 60% used [0x00000006c0000000,0x00000006d2f52558,0x00000006df980000)
 Metaspace       used 6651K, capacity 7320K, committed 7680K, reserved 1056768K
  class space    used 625K, capacity 656K, committed 768K, reserved 1048576K
Event: 14.151 GC heap after
Heap after GC invocations=16 (full 3):
 PSYoungGen      total 811520K, used 156150K [0x000000076ab00000, 0x00000007b1a00000, 0x00000007c0000000)
  eden space 655360K, 0% used [0x000000076ab00000,0x000000076ab00000,0x0000000792b00000)
  from space 156160K, 99% used [0x0000000792b00000,0x000000079c37dac0,0x000000079c380000)
  to   space 207360K, 0% used [0x00000007a4f80000,0x00000007a4f80000,0x00000007b1a00000)
 ParOldGen       total 517632K, used 375441K [0x00000006c0000000, 0x00000006df980000, 0x000000076ab00000)
  object space 517632K, 72% used [0x00000006c0000000,0x00000006d6ea4640,0x00000006df980000)
 Metaspace       used 6651K, capacity 7320K, committed 7680K, reserved 1056768K
  class space    used 625K, capacity 656K, committed 768K, reserved 1048576K
}
Event: 15.221 GC heap before
{Heap before GC invocations=17 (full 3):
 PSYoungGen      total 811520K, used 811510K [0x000000076ab00000, 0x00000007b1a00000, 0x00000007c0000000)
  eden space 655360K, 100% used [0x000000076ab00000,0x0000000792b00000,0x0000000792b00000)
  from space 156160K, 99% used [0x0000000792b00000,0x000000079c37dac0,0x000000079c380000)
  to   space 207360K, 0% used [0x00000007a4f80000,0x00000007a4f80000,0x00000007b1a00000)
 ParOldGen       total 517632K, used 375441K [0x00000006c0000000, 0x00000006df980000, 0x000000076ab00000)
  object space 517632K, 72% used [0x00000006c0000000,0x00000006d6ea4640,0x00000006df980000)
 Metaspace       used 6663K, capacity 7320K, committed 7680K, reserved 1056768K
  class space    used 627K, capacity 656K, committed 768K, reserved 1048576K
Event: 15.476 GC heap after
Heap after GC invocations=17 (full 3):
 PSYoungGen      total 926208K, used 186644K [0x000000076ab00000, 0x00000007b6100000, 0x00000007c0000000)
  eden space 718848K, 0% used [0x000000076ab00000,0x000000076ab00000,0x0000000796900000)
  from space 207360K, 90% used [0x00000007a4f80000,0x00000007b05c52b8,0x00000007b1a00000)
  to   space 236032K, 0% used [0x0000000796900000,0x0000000796900000,0x00000007a4f80000)
 ParOldGen       total 517632K, used 447265K [0x00000006c0000000, 0x00000006df980000, 0x000000076ab00000)
  object space 517632K, 86% used [0x00000006c0000000,0x00000006db4c86e8,0x00000006df980000)
 Metaspace       used 6663K, capacity 7320K, committed 7680K, reserved 1056768K
  class space    used 627K, capacity 656K, committed 768K, reserved 1048576K
}
Event: 15.476 GC heap before
{Heap before GC invocations=18 (full 4):
 PSYoungGen      total 926208K, used 186644K [0x000000076ab00000, 0x00000007b6100000, 0x00000007c0000000)
  eden space 718848K, 0% used [0x000000076ab00000,0x000000076ab00000,0x0000000796900000)
  from space 207360K, 90% used [0x00000007a4f80000,0x00000007b05c52b8,0x00000007b1a00000)
  to   space 236032K, 0% used [0x0000000796900000,0x0000000796900000,0x00000007a4f80000)
 ParOldGen       total 517632K, used 447265K [0x00000006c0000000, 0x00000006df980000, 0x000000076ab00000)
  object space 517632K, 86% used [0x00000006c0000000,0x00000006db4c86e8,0x00000006df980000)
 Metaspace       used 6663K, capacity 7320K, committed 7680K, reserved 1056768K
  class space    used 627K, capacity 656K, committed 768K, reserved 1048576K
Event: 18.218 GC heap after
Heap after GC invocations=18 (full 4):
 PSYoungGen      total 926208K, used 107661K [0x000000076ab00000, 0x00000007b6100000, 0x00000007c0000000)
  eden space 718848K, 0% used [0x000000076ab00000,0x000000076ab00000,0x0000000796900000)
  from space 207360K, 51% used [0x00000007a4f80000,0x00000007ab8a3498,0x00000007b1a00000)
  to   space 236032K, 0% used [0x0000000796900000,0x0000000796900000,0x00000007a4f80000)
 ParOldGen       total 807424K, used 517337K [0x00000006c0000000, 0x00000006f1480000, 0x000000076ab00000)
  object space 807424K, 64% used [0x00000006c0000000,0x00000006df9366e0,0x00000006f1480000)
 Metaspace       used 6663K, capacity 7320K, committed 7680K, reserved 1056768K
  class space    used 627K, capacity 656K, committed 768K, reserved 1048576K
}
Event: 19.377 GC heap before
{Heap before GC invocations=19 (full 4):
 PSYoungGen      total 926208K, used 826509K [0x000000076ab00000, 0x00000007b6100000, 0x00000007c0000000)
  eden space 718848K, 100% used [0x000000076ab00000,0x0000000796900000,0x0000000796900000)
  from space 207360K, 51% used [0x00000007a4f80000,0x00000007ab8a3498,0x00000007b1a00000)
  to   space 236032K, 0% used [0x0000000796900000,0x0000000796900000,0x00000007a4f80000)
 ParOldGen       total 807424K, used 517337K [0x00000006c0000000, 0x00000006f1480000, 0x000000076ab00000)
  object space 807424K, 64% used [0x00000006c0000000,0x00000006df9366e0,0x00000006f1480000)
 Metaspace       used 6815K, capacity 7448K, committed 7680K, reserved 1056768K
  class space    used 637K, capacity 656K, committed 768K, reserved 1048576K
Event: 19.647 GC heap after
Heap after GC invocations=19 (full 4):
 PSYoungGen      total 954880K, used 197280K [0x000000076ab00000, 0x00000007b6100000, 0x00000007c0000000)
  eden space 718848K, 0% used [0x000000076ab00000,0x000000076ab00000,0x0000000796900000)
  from space 236032K, 83% used [0x0000000796900000,0x00000007a29a8180,0x00000007a4f80000)
  to   space 207360K, 0% used [0x00000007a4f80000,0x00000007a4f80000,0x00000007b1a00000)
 ParOldGen       total 807424K, used 517345K [0x00000006c0000000, 0x00000006f1480000, 0x000000076ab00000)
  object space 807424K, 64% used [0x00000006c0000000,0x00000006df9386e0,0x00000006f1480000)
 Metaspace       used 6815K, capacity 7448K, committed 7680K, reserved 1056768K
  class space    used 637K, capacity 656K, committed 768K, reserved 1048576K
}

