# JRE version: Java(TM) SE Runtime Environment (8.0_60-b27) (build 1.8.0_60-b27)
# Java VM: Java HotSpot(TM) 64-Bit Server VM (25.60-b23 mixed mode windows-amd64 compressed oops)
Heap:
 PSYoungGen      total 659968K, used 194494K [0x000000076ab00000, 0x00000007a0f00000, 0x00000007c0000000)
  eden space 509440K, 38% used [0x000000076ab00000,0x00000007768efb40,0x0000000789c80000)
  from space 150528K, 0% used [0x0000000794380000,0x0000000794380000,0x000000079d680000)
  to   space 171008K, 0% used [0x0000000789c80000,0x0000000789c80000,0x0000000794380000)
 ParOldGen       total 308736K, used 308680K [0x00000006c0000000, 0x00000006d2d80000, 0x000000076ab00000)
  object space 308736K, 99% used [0x00000006c0000000,0x00000006d2d72320,0x00000006d2d80000)
 Metaspace       used 6659K, capacity 7320K, committed 7680K, reserved 1056768K
  class space    used 626K, capacity 656K, committed 768K, reserved 1048576K
GC Heap History (10 events):
Event: 10.340 GC heap before
{Heap before GC invocations=12 (full 2):
 PSYoungGen      total 531968K, used 83435K [0x000000076ab00000, 0x00000007a0580000, 0x00000007c0000000)
  eden space 448512K, 0% used [0x000000076ab00000,0x000000076ab00000,0x0000000786100000)
  from space 83456K, 99% used [0x000000078d400000,0x000000079257aed8,0x0000000792580000)
  to   space 117760K, 0% used [0x0000000786100000,0x0000000786100000,0x000000078d400000)
 ParOldGen       total 172544K, used 172442K [0x00000006c0000000, 0x00000006ca880000, 0x000000076ab00000)
  object space 172544K, 99% used [0x00000006c0000000,0x00000006ca866998,0x00000006ca880000)
 Metaspace       used 6630K, capacity 7320K, committed 7680K, reserved 1056768K
  class space    used 625K, capacity 656K, committed 768K, reserved 1048576K
Event: 11.558 GC heap after
Heap after GC invocations=12 (full 2):
 PSYoungGen      total 531968K, used 75918K [0x000000076ab00000, 0x00000007a0580000, 0x00000007c0000000)
  eden space 448512K, 0% used [0x000000076ab00000,0x000000076ab00000,0x0000000786100000)
  from space 83456K, 90% used [0x000000078d400000,0x0000000791e23970,0x0000000792580000)
  to   space 117760K, 0% used [0x0000000786100000,0x0000000786100000,0x000000078d400000)
 ParOldGen       total 308736K, used 172274K [0x00000006c0000000, 0x00000006d2d80000, 0x000000076ab00000)
  object space 308736K, 55% used [0x00000006c0000000,0x00000006ca83ca80,0x00000006d2d80000)
 Metaspace       used 6630K, capacity 7320K, committed 7680K, reserved 1056768K
  class space    used 625K, capacity 656K, committed 768K, reserved 1048576K
}
Event: 12.410 GC heap before
{Heap before GC invocations=13 (full 2):
 PSYoungGen      total 531968K, used 524430K [0x000000076ab00000, 0x00000007a0580000, 0x00000007c0000000)
  eden space 448512K, 100% used [0x000000076ab00000,0x0000000786100000,0x0000000786100000)
  from space 83456K, 90% used [0x000000078d400000,0x0000000791e23970,0x0000000792580000)
  to   space 117760K, 0% used [0x0000000786100000,0x0000000786100000,0x000000078d400000)
 ParOldGen       total 308736K, used 172274K [0x00000006c0000000, 0x00000006d2d80000, 0x000000076ab00000)
  object space 308736K, 55% used [0x00000006c0000000,0x00000006ca83ca80,0x00000006d2d80000)
 Metaspace       used 6649K, capacity 7320K, committed 7680K, reserved 1056768K
  class space    used 626K, capacity 656K, committed 768K, reserved 1048576K
Event: 12.554 GC heap after
Heap after GC invocations=13 (full 2):
 PSYoungGen      total 566272K, used 117739K [0x000000076ab00000, 0x000000079d680000, 0x00000007c0000000)
  eden space 448512K, 0% used [0x000000076ab00000,0x000000076ab00000,0x0000000786100000)
  from space 117760K, 99% used [0x0000000786100000,0x000000078d3faef0,0x000000078d400000)
  to   space 150528K, 0% used [0x0000000794380000,0x0000000794380000,0x000000079d680000)
 ParOldGen       total 308736K, used 204684K [0x00000006c0000000, 0x00000006d2d80000, 0x000000076ab00000)
  object space 308736K, 66% used [0x00000006c0000000,0x00000006cc7e3258,0x00000006d2d80000)
 Metaspace       used 6649K, capacity 7320K, committed 7680K, reserved 1056768K
  class space    used 626K, capacity 656K, committed 768K, reserved 1048576K
}
Event: 13.820 GC heap before
{Heap before GC invocations=14 (full 2):
 PSYoungGen      total 566272K, used 566251K [0x000000076ab00000, 0x000000079d680000, 0x00000007c0000000)
  eden space 448512K, 100% used [0x000000076ab00000,0x0000000786100000,0x0000000786100000)
  from space 117760K, 99% used [0x0000000786100000,0x000000078d3faef0,0x000000078d400000)
  to   space 150528K, 0% used [0x0000000794380000,0x0000000794380000,0x000000079d680000)
 ParOldGen       total 308736K, used 204684K [0x00000006c0000000, 0x00000006d2d80000, 0x000000076ab00000)
  object space 308736K, 66% used [0x00000006c0000000,0x00000006cc7e3278,0x00000006d2d80000)
 Metaspace       used 6656K, capacity 7320K, committed 7680K, reserved 1056768K
  class space    used 626K, capacity 656K, committed 768K, reserved 1048576K
Event: 14.136 GC heap after
Heap after GC invocations=14 (full 2):
 PSYoungGen      total 659968K, used 133850K [0x000000076ab00000, 0x00000007a0f00000, 0x00000007c0000000)
  eden space 509440K, 0% used [0x000000076ab00000,0x000000076ab00000,0x0000000789c80000)
  from space 150528K, 88% used [0x0000000794380000,0x000000079c636a08,0x000000079d680000)
  to   space 171008K, 0% used [0x0000000789c80000,0x0000000789c80000,0x0000000794380000)
 ParOldGen       total 308736K, used 258978K [0x00000006c0000000, 0x00000006d2d80000, 0x000000076ab00000)
  object space 308736K, 83% used [0x00000006c0000000,0x00000006cfce8ac8,0x00000006d2d80000)
 Metaspace       used 6656K, capacity 7320K, committed 7680K, reserved 1056768K
  class space    used 626K, capacity 656K, committed 768K, reserved 1048576K
}
Event: 14.136 GC heap before
{Heap before GC invocations=15 (full 3):
 PSYoungGen      total 659968K, used 133850K [0x000000076ab00000, 0x00000007a0f00000, 0x00000007c0000000)
  eden space 509440K, 0% used [0x000000076ab00000,0x000000076ab00000,0x0000000789c80000)
  from space 150528K, 88% used [0x0000000794380000,0x000000079c636a08,0x000000079d680000)
  to   space 171008K, 0% used [0x0000000789c80000,0x0000000789c80000,0x0000000794380000)
 ParOldGen       total 308736K, used 258978K [0x00000006c0000000, 0x00000006d2d80000, 0x000000076ab00000)
  object space 308736K, 83% used [0x00000006c0000000,0x00000006cfce8ac8,0x00000006d2d80000)
 Metaspace       used 6656K, capacity 7320K, committed 7680K, reserved 1056768K
  class space    used 626K, capacity 656K, committed 768K, reserved 1048576K
Event: 15.605 GC heap after
Heap after GC invocations=15 (full 3):
 PSYoungGen      total 659968K, used 74397K [0x000000076ab00000, 0x00000007a0f00000, 0x00000007c0000000)
  eden space 509440K, 0% used [0x000000076ab00000,0x000000076ab00000,0x0000000789c80000)
  from space 150528K, 49% used [0x0000000794380000,0x0000000798c276a8,0x000000079d680000)
  to   space 171008K, 0% used [0x0000000789c80000,0x0000000789c80000,0x0000000794380000)
 ParOldGen       total 308736K, used 308517K [0x00000006c0000000, 0x00000006d2d80000, 0x000000076ab00000)
  object space 308736K, 99% used [0x00000006c0000000,0x00000006d2d49740,0x00000006d2d80000)
 Metaspace       used 6656K, capacity 7320K, committed 7680K, reserved 1056768K
  class space    used 626K, capacity 656K, committed 768K, reserved 1048576K
}
Event: 32.660 GC heap before
{Heap before GC invocations=16 (full 4):
 PSYoungGen      total 659968K, used 583837K [0x000000076ab00000, 0x00000007a0f00000, 0x00000007c0000000)
  eden space 509440K, 100% used [0x000000076ab00000,0x0000000789c80000,0x0000000789c80000)
  from space 150528K, 49% used [0x0000000794380000,0x0000000798c276a8,0x000000079d680000)
  to   space 171008K, 0% used [0x0000000789c80000,0x0000000789c80000,0x0000000794380000)
 ParOldGen       total 308736K, used 308519K [0x00000006c0000000, 0x00000006d2d80000, 0x000000076ab00000)
  object space 308736K, 99% used [0x00000006c0000000,0x00000006d2d49fc0,0x00000006d2d80000)
 Metaspace       used 6659K, capacity 7320K, committed 7680K, reserved 1056768K
  class space    used 626K, capacity 656K, committed 768K, reserved 1048576K
Event: 35.948 GC heap after
Heap after GC invocations=16 (full 4):
 PSYoungGen      total 659968K, used 155777K [0x000000076ab00000, 0x00000007a0f00000, 0x00000007c0000000)
  eden space 509440K, 30% used [0x000000076ab00000,0x0000000774320660,0x0000000789c80000)
  from space 150528K, 0% used [0x0000000794380000,0x0000000794380000,0x000000079d680000)
  to   space 171008K, 0% used [0x0000000789c80000,0x0000000789c80000,0x0000000794380000)
 ParOldGen       total 308736K, used 308680K [0x00000006c0000000, 0x00000006d2d80000, 0x000000076ab00000)
  object space 308736K, 99% used [0x00000006c0000000,0x00000006d2d72320,0x00000006d2d80000)
 Metaspace       used 6659K, capacity 7320K, committed 7680K, reserved 1056768K
  class space    used 626K, capacity 656K, committed 768K, reserved 1048576K
}

