# JRE version: Java(TM) SE Runtime Environment (8.0_60-b27) (build 1.8.0_60-b27)
# Java VM: Java HotSpot(TM) 64-Bit Server VM (25.60-b23 mixed mode windows-amd64 compressed oops)
Heap:
 PSYoungGen      total 717312K, used 475662K [0x000000076ab00000, 0x00000007ac900000, 0x00000007c0000000)
  eden space 529920K, 68% used [0x000000076ab00000,0x0000000780e47b50,0x000000078b080000)
  from space 187392K, 59% used [0x000000078b080000,0x0000000791dbc018,0x0000000796780000)
  to   space 238592K, 0% used [0x000000079e000000,0x000000079e000000,0x00000007ac900000)
 ParOldGen       total 747520K, used 484782K [0x00000006c0000000, 0x00000006eda00000, 0x000000076ab00000)
  object space 747520K, 64% used [0x00000006c0000000,0x00000006dd96bb28,0x00000006eda00000)
 Metaspace       used 6670K, capacity 7320K, committed 7680K, reserved 1056768K
  class space    used 628K, capacity 656K, committed 768K, reserved 1048576K
GC Heap History (10 events):
Event: 10.107 GC heap before
{Heap before GC invocations=17 (full 3):
 PSYoungGen      total 605184K, used 105674K [0x000000076ab00000, 0x000000079bf00000, 0x00000007c0000000)
  eden space 487424K, 0% used [0x000000076ab00000,0x000000076ab00000,0x0000000788700000)
  from space 117760K, 89% used [0x0000000790980000,0x00000007970b2a00,0x0000000797c80000)
  to   space 133632K, 0% used [0x0000000788700000,0x0000000788700000,0x0000000790980000)
 ParOldGen       total 293888K, used 264420K [0x00000006c0000000, 0x00000006d1f00000, 0x000000076ab00000)
  object space 293888K, 89% used [0x00000006c0000000,0x00000006d0239190,0x00000006d1f00000)
 Metaspace       used 6652K, capacity 7320K, committed 7680K, reserved 1056768K
  class space    used 626K, capacity 656K, committed 768K, reserved 1048576K
Event: 11.965 GC heap after
Heap after GC invocations=17 (full 3):
 PSYoungGen      total 605184K, used 70282K [0x000000076ab00000, 0x000000079bf00000, 0x00000007c0000000)
  eden space 487424K, 0% used [0x000000076ab00000,0x000000076ab00000,0x0000000788700000)
  from space 117760K, 59% used [0x0000000790980000,0x0000000794e22ad0,0x0000000797c80000)
  to   space 133632K, 0% used [0x0000000788700000,0x0000000788700000,0x0000000790980000)
 ParOldGen       total 484864K, used 293773K [0x00000006c0000000, 0x00000006dd980000, 0x000000076ab00000)
  object space 484864K, 60% used [0x00000006c0000000,0x00000006d1ee3590,0x00000006dd980000)
 Metaspace       used 6652K, capacity 7320K, committed 7680K, reserved 1056768K
  class space    used 626K, capacity 656K, committed 768K, reserved 1048576K
}
Event: 13.074 GC heap before
{Heap before GC invocations=18 (full 3):
 PSYoungGen      total 605184K, used 557706K [0x000000076ab00000, 0x000000079bf00000, 0x00000007c0000000)
  eden space 487424K, 100% used [0x000000076ab00000,0x0000000788700000,0x0000000788700000)
  from space 117760K, 59% used [0x0000000790980000,0x0000000794e22ad0,0x0000000797c80000)
  to   space 133632K, 0% used [0x0000000788700000,0x0000000788700000,0x0000000790980000)
 ParOldGen       total 484864K, used 293773K [0x00000006c0000000, 0x00000006dd980000, 0x000000076ab00000)
  object space 484864K, 60% used [0x00000006c0000000,0x00000006d1ee3590,0x00000006dd980000)
 Metaspace       used 6656K, capacity 7320K, committed 7680K, reserved 1056768K
  class space    used 626K, capacity 656K, committed 768K, reserved 1048576K
Event: 13.208 GC heap after
Heap after GC invocations=18 (full 3):
 PSYoungGen      total 621056K, used 133617K [0x000000076ab00000, 0x00000007a0480000, 0x00000007c0000000)
  eden space 487424K, 0% used [0x000000076ab00000,0x000000076ab00000,0x0000000788700000)
  from space 133632K, 99% used [0x0000000788700000,0x000000079097c5d0,0x0000000790980000)
  to   space 160768K, 0% used [0x0000000796780000,0x0000000796780000,0x00000007a0480000)
 ParOldGen       total 484864K, used 303755K [0x00000006c0000000, 0x00000006dd980000, 0x000000076ab00000)
  object space 484864K, 62% used [0x00000006c0000000,0x00000006d28a2d20,0x00000006dd980000)
 Metaspace       used 6656K, capacity 7320K, committed 7680K, reserved 1056768K
  class space    used 626K, capacity 656K, committed 768K, reserved 1048576K
}
Event: 13.729 GC heap before
{Heap before GC invocations=19 (full 3):
 PSYoungGen      total 621056K, used 621041K [0x000000076ab00000, 0x00000007a0480000, 0x00000007c0000000)
  eden space 487424K, 100% used [0x000000076ab00000,0x0000000788700000,0x0000000788700000)
  from space 133632K, 99% used [0x0000000788700000,0x000000079097c5d0,0x0000000790980000)
  to   space 160768K, 0% used [0x0000000796780000,0x0000000796780000,0x00000007a0480000)
 ParOldGen       total 484864K, used 303755K [0x00000006c0000000, 0x00000006dd980000, 0x000000076ab00000)
  object space 484864K, 62% used [0x00000006c0000000,0x00000006d28a2d20,0x00000006dd980000)
 Metaspace       used 6657K, capacity 7320K, committed 7680K, reserved 1056768K
  class space    used 626K, capacity 656K, committed 768K, reserved 1048576K
Event: 13.898 GC heap after
Heap after GC invocations=19 (full 3):
 PSYoungGen      total 690688K, used 156968K [0x000000076ab00000, 0x00000007a4780000, 0x00000007c0000000)
  eden space 529920K, 0% used [0x000000076ab00000,0x000000076ab00000,0x000000078b080000)
  from space 160768K, 97% used [0x0000000796780000,0x00000007a00ca140,0x00000007a0480000)
  to   space 187392K, 0% used [0x000000078b080000,0x000000078b080000,0x0000000796780000)
 ParOldGen       total 484864K, used 363262K [0x00000006c0000000, 0x00000006dd980000, 0x000000076ab00000)
  object space 484864K, 74% used [0x00000006c0000000,0x00000006d62bfa40,0x00000006dd980000)
 Metaspace       used 6657K, capacity 7320K, committed 7680K, reserved 1056768K
  class space    used 626K, capacity 656K, committed 768K, reserved 1048576K
}
Event: 15.296 GC heap before
{Heap before GC invocations=20 (full 3):
 PSYoungGen      total 690688K, used 686888K [0x000000076ab00000, 0x00000007a4780000, 0x00000007c0000000)
  eden space 529920K, 100% used [0x000000076ab00000,0x000000078b080000,0x000000078b080000)
  from space 160768K, 97% used [0x0000000796780000,0x00000007a00ca140,0x00000007a0480000)
  to   space 187392K, 0% used [0x000000078b080000,0x000000078b080000,0x0000000796780000)
 ParOldGen       total 484864K, used 363262K [0x00000006c0000000, 0x00000006dd980000, 0x000000076ab00000)
  object space 484864K, 74% used [0x00000006c0000000,0x00000006d62bfa40,0x00000006dd980000)
 Metaspace       used 6668K, capacity 7320K, committed 7680K, reserved 1056768K
  class space    used 628K, capacity 656K, committed 768K, reserved 1048576K
Event: 15.885 GC heap after
Heap after GC invocations=20 (full 3):
 PSYoungGen      total 717312K, used 187373K [0x000000076ab00000, 0x00000007ac900000, 0x00000007c0000000)
  eden space 529920K, 0% used [0x000000076ab00000,0x000000076ab00000,0x000000078b080000)
  from space 187392K, 99% used [0x000000078b080000,0x000000079677b488,0x0000000796780000)
  to   space 238592K, 0% used [0x000000079e000000,0x000000079e000000,0x00000007ac900000)
 ParOldGen       total 484864K, used 414379K [0x00000006c0000000, 0x00000006dd980000, 0x000000076ab00000)
  object space 484864K, 85% used [0x00000006c0000000,0x00000006d94aaec0,0x00000006dd980000)
 Metaspace       used 6668K, capacity 7320K, committed 7680K, reserved 1056768K
  class space    used 628K, capacity 656K, committed 768K, reserved 1048576K
}
Event: 15.885 GC heap before
{Heap before GC invocations=21 (full 4):
 PSYoungGen      total 717312K, used 187373K [0x000000076ab00000, 0x00000007ac900000, 0x00000007c0000000)
  eden space 529920K, 0% used [0x000000076ab00000,0x000000076ab00000,0x000000078b080000)
  from space 187392K, 99% used [0x000000078b080000,0x000000079677b488,0x0000000796780000)
  to   space 238592K, 0% used [0x000000079e000000,0x000000079e000000,0x00000007ac900000)
 ParOldGen       total 484864K, used 414379K [0x00000006c0000000, 0x00000006dd980000, 0x000000076ab00000)
  object space 484864K, 85% used [0x00000006c0000000,0x00000006d94aaec0,0x00000006dd980000)
 Metaspace       used 6668K, capacity 7320K, committed 7680K, reserved 1056768K
  class space    used 628K, capacity 656K, committed 768K, reserved 1048576K
Event: 20.913 GC heap after
Heap after GC invocations=21 (full 4):
 PSYoungGen      total 717312K, used 111856K [0x000000076ab00000, 0x00000007ac900000, 0x00000007c0000000)
  eden space 529920K, 0% used [0x000000076ab00000,0x000000076ab00000,0x000000078b080000)
  from space 187392K, 59% used [0x000000078b080000,0x0000000791dbc018,0x0000000796780000)
  to   space 238592K, 0% used [0x000000079e000000,0x000000079e000000,0x00000007ac900000)
 ParOldGen       total 747520K, used 484782K [0x00000006c0000000, 0x00000006eda00000, 0x000000076ab00000)
  object space 747520K, 64% used [0x00000006c0000000,0x00000006dd96bb28,0x00000006eda00000)
 Metaspace       used 6668K, capacity 7320K, committed 7680K, reserved 1056768K
  class space    used 628K, capacity 656K, committed 768K, reserved 1048576K
}

